Determining if the pthread_create exist failed with the following output:
Change Dir: /home/longdd/LongDD/Rotate-Yolov5/cpp/build/CMakeFiles/CMakeTmp

Run Build Command:"/usr/bin/make" "cmTC_23578/fast"
/usr/bin/make -f CMakeFiles/cmTC_23578.dir/build.make CMakeFiles/cmTC_23578.dir/build
make[1]: Entering directory '/home/longdd/LongDD/Rotate-Yolov5/cpp/build/CMakeFiles/CMakeTmp'
Building CXX object CMakeFiles/cmTC_23578.dir/CheckSymbolExists.cxx.o
/usr/bin/c++    -std=gnu++14 -o CMakeFiles/cmTC_23578.dir/CheckSymbolExists.cxx.o -c /home/longdd/LongDD/Rotate-Yolov5/cpp/build/CMakeFiles/CMakeTmp/CheckSymbolExists.cxx
Linking CXX executable cmTC_23578
/usr/bin/cmake -E cmake_link_script CMakeFiles/cmTC_23578.dir/link.txt --verbose=1
/usr/bin/c++       CMakeFiles/cmTC_23578.dir/CheckSymbolExists.cxx.o  -o cmTC_23578 
CMakeFiles/cmTC_23578.dir/CheckSymbolExists.cxx.o: In function `main':
CheckSymbolExists.cxx:(.text+0x14): undefined reference to `pthread_create'
CheckSymbolExists.cxx:(.text+0x18): undefined reference to `pthread_create'
collect2: error: ld returned 1 exit status
CMakeFiles/cmTC_23578.dir/build.make:97: recipe for target 'cmTC_23578' failed
make[1]: *** [cmTC_23578] Error 1
make[1]: Leaving directory '/home/longdd/LongDD/Rotate-Yolov5/cpp/build/CMakeFiles/CMakeTmp'
Makefile:126: recipe for target 'cmTC_23578/fast' failed
make: *** [cmTC_23578/fast] Error 2

File /home/longdd/LongDD/Rotate-Yolov5/cpp/build/CMakeFiles/CMakeTmp/CheckSymbolExists.cxx:
/* */
#include <pthread.h>

int main(int argc, char** argv)
{
  (void)argv;
#ifndef pthread_create
  return ((int*)(&pthread_create))[argc];
#else
  (void)argc;
  return 0;
#endif
}

Determining if the function pthread_create exists in the pthreads failed with the following output:
Change Dir: /home/longdd/LongDD/Rotate-Yolov5/cpp/build/CMakeFiles/CMakeTmp

Run Build Command:"/usr/bin/make" "cmTC_297a3/fast"
/usr/bin/make -f CMakeFiles/cmTC_297a3.dir/build.make CMakeFiles/cmTC_297a3.dir/build
make[1]: Entering directory '/home/longdd/LongDD/Rotate-Yolov5/cpp/build/CMakeFiles/CMakeTmp'
Building CXX object CMakeFiles/cmTC_297a3.dir/CheckFunctionExists.cxx.o
/usr/bin/c++    -DCHECK_FUNCTION_EXISTS=pthread_create   -std=gnu++14 -o CMakeFiles/cmTC_297a3.dir/CheckFunctionExists.cxx.o -c /home/longdd/LongDD/Rotate-Yolov5/cpp/build/CMakeFiles/CheckLibraryExists/CheckFunctionExists.cxx
Linking CXX executable cmTC_297a3
/usr/bin/cmake -E cmake_link_script CMakeFiles/cmTC_297a3.dir/link.txt --verbose=1
/usr/bin/c++   -DCHECK_FUNCTION_EXISTS=pthread_create    CMakeFiles/cmTC_297a3.dir/CheckFunctionExists.cxx.o  -o cmTC_297a3 -lpthreads 
/usr/bin/ld: cannot find -lpthreads
collect2: error: ld returned 1 exit status
CMakeFiles/cmTC_297a3.dir/build.make:97: recipe for target 'cmTC_297a3' failed
make[1]: *** [cmTC_297a3] Error 1
make[1]: Leaving directory '/home/longdd/LongDD/Rotate-Yolov5/cpp/build/CMakeFiles/CMakeTmp'
Makefile:126: recipe for target 'cmTC_297a3/fast' failed
make: *** [cmTC_297a3/fast] Error 2


