Determining if the pthread_create exist failed with the following output:
Change Dir: /home/longdd/Documents/ryolov5_jetson/deepstream/build/CMakeFiles/CMakeTmp

Run Build Command:"/usr/bin/make" "cmTC_54848/fast"
/usr/bin/make -f CMakeFiles/cmTC_54848.dir/build.make CMakeFiles/cmTC_54848.dir/build
make[1]: Entering directory '/home/longdd/Documents/ryolov5_jetson/deepstream/build/CMakeFiles/CMakeTmp'
Building CXX object CMakeFiles/cmTC_54848.dir/CheckSymbolExists.cxx.o
/usr/bin/c++     -o CMakeFiles/cmTC_54848.dir/CheckSymbolExists.cxx.o -c /home/longdd/Documents/ryolov5_jetson/deepstream/build/CMakeFiles/CMakeTmp/CheckSymbolExists.cxx
Linking CXX executable cmTC_54848
/usr/bin/cmake -E cmake_link_script CMakeFiles/cmTC_54848.dir/link.txt --verbose=1
/usr/bin/c++       CMakeFiles/cmTC_54848.dir/CheckSymbolExists.cxx.o  -o cmTC_54848 
CMakeFiles/cmTC_54848.dir/CheckSymbolExists.cxx.o: In function `main':
CheckSymbolExists.cxx:(.text+0x14): undefined reference to `pthread_create'
CheckSymbolExists.cxx:(.text+0x18): undefined reference to `pthread_create'
collect2: error: ld returned 1 exit status
CMakeFiles/cmTC_54848.dir/build.make:97: recipe for target 'cmTC_54848' failed
make[1]: *** [cmTC_54848] Error 1
make[1]: Leaving directory '/home/longdd/Documents/ryolov5_jetson/deepstream/build/CMakeFiles/CMakeTmp'
Makefile:126: recipe for target 'cmTC_54848/fast' failed
make: *** [cmTC_54848/fast] Error 2

File /home/longdd/Documents/ryolov5_jetson/deepstream/build/CMakeFiles/CMakeTmp/CheckSymbolExists.cxx:
/* */
#include <pthread.h>

int main(int argc, char** argv)
{
  (void)argv;
#ifndef pthread_create
  return ((int*)(&pthread_create))[argc];
#else
  (void)argc;
  return 0;
#endif
}

Determining if the function pthread_create exists in the pthreads failed with the following output:
Change Dir: /home/longdd/Documents/ryolov5_jetson/deepstream/build/CMakeFiles/CMakeTmp

Run Build Command:"/usr/bin/make" "cmTC_7ac8f/fast"
/usr/bin/make -f CMakeFiles/cmTC_7ac8f.dir/build.make CMakeFiles/cmTC_7ac8f.dir/build
make[1]: Entering directory '/home/longdd/Documents/ryolov5_jetson/deepstream/build/CMakeFiles/CMakeTmp'
Building CXX object CMakeFiles/cmTC_7ac8f.dir/CheckFunctionExists.cxx.o
/usr/bin/c++    -DCHECK_FUNCTION_EXISTS=pthread_create   -o CMakeFiles/cmTC_7ac8f.dir/CheckFunctionExists.cxx.o -c /home/longdd/Documents/ryolov5_jetson/deepstream/build/CMakeFiles/CheckLibraryExists/CheckFunctionExists.cxx
Linking CXX executable cmTC_7ac8f
/usr/bin/cmake -E cmake_link_script CMakeFiles/cmTC_7ac8f.dir/link.txt --verbose=1
/usr/bin/c++   -DCHECK_FUNCTION_EXISTS=pthread_create    CMakeFiles/cmTC_7ac8f.dir/CheckFunctionExists.cxx.o  -o cmTC_7ac8f -lpthreads 
/usr/bin/ld: cannot find -lpthreads
collect2: error: ld returned 1 exit status
CMakeFiles/cmTC_7ac8f.dir/build.make:97: recipe for target 'cmTC_7ac8f' failed
make[1]: *** [cmTC_7ac8f] Error 1
make[1]: Leaving directory '/home/longdd/Documents/ryolov5_jetson/deepstream/build/CMakeFiles/CMakeTmp'
Makefile:126: recipe for target 'cmTC_7ac8f/fast' failed
make: *** [cmTC_7ac8f/fast] Error 2


